[2024-03-10T17:21:14.747057+00:00] login logger.INFO: Utente admin si è loggato correttamente [] []
[2024-03-10T17:27:09.754222+00:00] login logger.INFO: Utente admin si è loggato correttamente [] []
[2024-03-10T17:34:01.506117+00:00] login logger.INFO: Un utente si è loggato correttamente {"username":"admin"} []
[2024-03-10T17:38:41.452492+00:00] login logger.INFO: Utente {"username":"admin"} []
[2024-03-10T17:38:57.818209+00:00] login logger.INFO: UtenteArraysi è loggato correttamente [] []
[2024-03-11T07:12:45.490714+00:00] Login Logger.INFO: Un utente si è loggato correttamente {"username":"admin"} []
[2024-03-11T07:13:13.312681+00:00] Dashboard.INFO: Utente admin si trova nella dashboard [] []
[2024-03-11T07:18:05.803523+00:00] Dashboard.INFO: Utente admin si trova nella dashboard [] []
[2024-03-11T07:38:21.021354+00:00] Dashboard.INFO: Utente admin si trova nella dashboard [] []
[2024-03-11T07:39:00.733909+00:00] Dashboard.INFO: Utente admin si trova nella dashboard [] []
[2024-03-11T07:39:51.153368+00:00] Dashboard.INFO: Utente admin si trova nella dashboard [] []
[2024-03-11T08:02:33.239684+00:00] My post.INFO: Utente admin si trova nella sezione MyPost [] []
[2024-03-11T08:02:38.309420+00:00] Dashboard.INFO: Utente admin si trova nella dashboard [] []
[2024-03-11T08:02:40.257779+00:00] My post.INFO: Utente admin si trova nella sezione MyPost [] []
[2024-03-11T08:02:42.895003+00:00] Dashboard.INFO: Utente admin si trova nella dashboard [] []
[2024-03-11T08:02:44.105532+00:00] My post.INFO: Utente admin si trova nella sezione MyPost [] []
[2024-03-11T08:02:55.014692+00:00] My post.INFO: Utente admin si trova nella sezione MyPost [] []
[2024-03-11T08:02:58.314532+00:00] Dashboard.INFO: Utente admin si trova nella dashboard [] []
[2024-03-11T08:02:59.726161+00:00] My post.INFO: Utente admin si trova nella sezione MyPost [] []
[2024-03-11T08:03:20.897778+00:00] My post.INFO: Utente admin si trova nella sezione MyPost [] []
[2024-03-11T08:03:22.399298+00:00] Dashboard.INFO: Utente admin si trova nella dashboard [] []
[2024-03-11T08:03:23.110310+00:00] My post.INFO: Utente admin si trova nella sezione MyPost [] []
[2024-03-11T08:03:24.301600+00:00] Dashboard.INFO: Utente admin si trova nella dashboard [] []
[2024-03-11T08:03:38.969272+00:00] My post.INFO: Utente admin si trova nella sezione MyPost [] []
[2024-03-11T08:03:50.828264+00:00] Dashboard.INFO: Utente admin si trova nella dashboard [] []
[2024-03-11T08:04:03.567315+00:00] My post.INFO: Utente admin si trova nella sezione MyPost [] []
[2024-03-11T08:04:04.589870+00:00] Dashboard.INFO: Utente admin si trova nella dashboard [] []
[2024-03-11T08:04:14.841181+00:00] My post.INFO: Utente admin si trova nella sezione MyPost [] []
[2024-03-11T08:04:18.900846+00:00] My post.INFO: Utente admin si trova nella sezione MyPost [] []
[2024-03-11T08:04:26.243569+00:00] Dashboard.INFO: Utente admin si trova nella dashboard [] []
[2024-03-11T08:04:27.520120+00:00] My post.INFO: Utente admin si trova nella sezione MyPost [] []
[2024-03-11T08:04:29.119354+00:00] Dashboard.INFO: Utente admin si trova nella dashboard [] []
[2024-03-11T08:04:30.220181+00:00] My post.INFO: Utente admin si trova nella sezione MyPost [] []
[2024-03-11T08:04:31.995174+00:00] Dashboard.INFO: Utente admin si trova nella dashboard [] []
[2024-03-11T08:04:58.097246+00:00] Dashboard.INFO: Utente admin si trova nella dashboard [] []
[2024-03-11T08:04:59.249563+00:00] My post.INFO: Utente admin si trova nella sezione MyPost [] []
[2024-03-11T08:05:00.389668+00:00] Dashboard.INFO: Utente admin si trova nella dashboard [] []
[2024-03-11T08:05:17.733779+00:00] My post.INFO: Utente admin si trova nella sezione MyPost [] []
[2024-03-11T08:05:18.612870+00:00] Dashboard.INFO: Utente admin si trova nella dashboard [] []
[2024-03-11T08:05:21.012873+00:00] My post.INFO: Utente admin si trova nella sezione MyPost [] []
[2024-03-11T08:05:33.214634+00:00] My post.INFO: Utente admin si trova nella sezione MyPost [] []
[2024-03-11T08:05:34.232338+00:00] Dashboard.INFO: Utente admin si trova nella dashboard [] []
[2024-03-11T08:05:34.759955+00:00] My post.INFO: Utente admin si trova nella sezione MyPost [] []
[2024-03-11T08:05:43.915527+00:00] Dashboard.INFO: Utente admin si trova nella dashboard [] []
[2024-03-11T08:05:44.450600+00:00] My post.INFO: Utente admin si trova nella sezione MyPost [] []
[2024-03-11T08:06:12.003087+00:00] My post.INFO: Utente admin si trova nella sezione MyPost [] []
[2024-03-11T08:06:25.929042+00:00] Dashboard.INFO: Utente admin si trova nella dashboard [] []
[2024-03-11T08:06:26.630556+00:00] My post.INFO: Utente admin si trova nella sezione MyPost [] []
[2024-03-11T08:07:51.310662+00:00] My post.INFO: Utente admin si trova nella sezione MyPost [] []
[2024-03-11T08:09:12.557713+00:00] My post.INFO: Utente admin si trova nella sezione MyPost [] []
[2024-03-11T08:12:45.252156+00:00] My post.INFO: Utente admin si trova nella sezione MyPost [] []
[2024-03-11T08:13:28.662375+00:00] My post.INFO: Utente admin si trova nella sezione MyPost [] []
[2024-03-11T08:17:41.970773+00:00] My post.INFO: Utente admin si trova nella sezione MyPost [] []
[2024-03-11T08:27:54.096869+00:00] My post.INFO: Utente admin si trova nella sezione MyPost [] []
[2024-03-11T08:28:22.077539+00:00] My post.INFO: Utente admin si trova nella sezione MyPost [] []
[2024-03-11T08:33:43.768557+00:00] My post.INFO: Utente admin si trova nella sezione MyPost [] []
[2024-03-11T08:34:12.004957+00:00] My post.INFO: Utente admin si trova nella sezione MyPost [] []
[2024-03-11T08:34:46.476379+00:00] My post.INFO: Utente admin si trova nella sezione MyPost [] []
[2024-03-11T08:35:51.298858+00:00] My post.INFO: Utente admin si trova nella sezione MyPost [] []
[2024-03-11T08:37:48.217559+00:00] My post.INFO: Utente admin si trova nella sezione MyPost [] []
[2024-03-11T08:38:15.795709+00:00] My post.INFO: Utente admin si trova nella sezione MyPost [] []
[2024-03-11T08:39:42.395596+00:00] Dashboard.INFO: Utente admin si trova nella dashboard [] []
[2024-03-11T08:39:57.498976+00:00] My post.INFO: Utente admin si trova nella sezione MyPost [] []
[2024-03-11T08:40:45.610407+00:00] My post.INFO: Utente admin si trova nella sezione MyPost [] []
[2024-03-11T08:41:41.483938+00:00] My post.INFO: Utente admin si trova nella sezione MyPost [] []
[2024-03-11T08:42:13.433229+00:00] My post.INFO: Utente admin si trova nella sezione MyPost [] []
[2024-03-11T08:42:47.282548+00:00] My post.INFO: Utente admin si trova nella sezione MyPost [] []
[2024-03-11T08:43:11.139414+00:00] My post.INFO: Utente admin si trova nella sezione MyPost [] []
[2024-03-11T08:43:12.071658+00:00] Dashboard.INFO: Utente admin si trova nella dashboard [] []
[2024-03-11T08:43:13.008686+00:00] My post.INFO: Utente admin si trova nella sezione MyPost [] []
[2024-03-11T08:45:01.065696+00:00] Dashboard.INFO: Utente admin si trova nella dashboard [] []
[2024-03-11T08:50:11.394243+00:00] My post.INFO: Utente admin si trova nella sezione MyPost [] []
[2024-03-11T09:00:02.915669+00:00] Dashboard.INFO: Utente admin si trova nella dashboard [] []
[2024-03-11T09:00:03.777717+00:00] My post.INFO: Utente admin si trova nella sezione MyPost [] []
[2024-03-11T09:00:16.541666+00:00] My post.INFO: Utente admin si trova nella sezione MyPost [] []
[2024-03-11T09:01:56.792303+00:00] My post.INFO: Utente admin si trova nella sezione MyPost [] []
[2024-03-11T09:02:17.976381+00:00] My post.INFO: Utente admin si trova nella sezione MyPost [] []
[2024-03-11T09:31:03.299401+00:00] My post.INFO: Utente admin si trova nella sezione MyPost [] []
[2024-03-11T09:31:25.542693+00:00] My post.INFO: Utente admin si trova nella sezione MyPost [] []
[2024-03-11T09:31:58.368163+00:00] My post.INFO: Utente admin si trova nella sezione MyPost [] []
[2024-03-11T09:32:44.654889+00:00] My post.INFO: Utente admin si trova nella sezione MyPost [] []
[2024-03-11T09:50:22.512568+00:00] My post.INFO: Utente admin si trova nella sezione MyPost [] []
[2024-03-11T09:50:47.725950+00:00] My post.INFO: Utente admin si trova nella sezione MyPost [] []
[2024-03-11T09:51:26.483910+00:00] My post.INFO: Utente admin si trova nella sezione MyPost [] []
[2024-03-11T09:52:27.932114+00:00] My post.INFO: Utente admin si trova nella sezione MyPost [] []
[2024-03-11T09:53:49.675576+00:00] My post.INFO: Utente admin si trova nella sezione MyPost [] []
[2024-03-11T09:54:06.034889+00:00] My post.INFO: Utente admin si trova nella sezione MyPost [] []
[2024-03-11T09:54:06.787824+00:00] My post.INFO: Utente admin si trova nella sezione MyPost [] []
[2024-03-11T09:56:26.054134+00:00] My post.INFO: Utente admin si trova nella sezione MyPost [] []
[2024-03-11T09:56:37.259210+00:00] My post.INFO: Utente admin si trova nella sezione MyPost [] []
[2024-03-11T09:57:11.551601+00:00] My post.INFO: Utente admin si trova nella sezione MyPost [] []
[2024-03-11T09:59:17.933133+00:00] My post.INFO: Utente admin si trova nella sezione MyPost [] []
[2024-03-11T09:59:19.068168+00:00] My post.INFO: Utente admin si trova nella sezione MyPost [] []
[2024-03-11T09:59:19.903365+00:00] My post.INFO: Utente admin si trova nella sezione MyPost [] []
[2024-03-11T09:59:20.797251+00:00] My post.INFO: Utente admin si trova nella sezione MyPost [] []
[2024-03-11T10:01:48.177885+00:00] My post.INFO: Utente admin si trova nella sezione MyPost [] []
[2024-03-11T10:02:07.557707+00:00] My post.INFO: Utente admin si trova nella sezione MyPost [] []
[2024-03-11T10:03:44.242504+00:00] My post.INFO: Utente admin si trova nella sezione MyPost [] []
[2024-03-11T10:03:54.151688+00:00] My post.INFO: Utente admin si trova nella sezione MyPost [] []
[2024-03-11T10:04:19.615139+00:00] My post.INFO: Utente admin si trova nella sezione MyPost [] []
[2024-03-11T10:04:33.006961+00:00] My post.INFO: Utente admin si trova nella sezione MyPost [] []
[2024-03-11T10:05:38.107994+00:00] My post.INFO: Utente admin si trova nella sezione MyPost [] []
[2024-03-11T10:07:50.176515+00:00] My post.INFO: Utente admin si trova nella sezione MyPost [] []
[2024-03-11T10:09:53.213545+00:00] My post.INFO: Utente admin si trova nella sezione MyPost [] []
[2024-03-11T11:29:27.648610+00:00] Login Logger.INFO: Un utente si è loggato correttamente {"username":"admin"} []
[2024-03-11T11:29:27.677083+00:00] Dashboard.INFO: Utente admin si trova nella dashboard [] []
[2024-03-11T11:29:28.888232+00:00] My post.INFO: Utente admin si trova nella sezione MyPost [] []
[2024-03-11T11:29:53.868716+00:00] My post.INFO: Utente admin si trova nella sezione MyPost [] []
[2024-03-11T11:30:54.513885+00:00] My post.INFO: Utente admin si trova nella sezione MyPost [] []
[2024-03-11T11:32:36.195978+00:00] My post.INFO: Utente admin si trova nella sezione MyPost [] []
[2024-03-11T11:33:03.269765+00:00] My post.INFO: Utente admin si trova nella sezione MyPost [] []
[2024-03-11T11:33:39.587751+00:00] My post.INFO: Utente admin si trova nella sezione MyPost [] []
[2024-03-11T11:33:45.451970+00:00] My post.INFO: Utente admin si trova nella sezione MyPost [] []
[2024-03-11T11:33:54.011727+00:00] My post.INFO: Utente admin si trova nella sezione MyPost [] []
[2024-03-11T11:34:09.281013+00:00] My post.INFO: Utente admin si trova nella sezione MyPost [] []
[2024-03-11T11:34:33.843190+00:00] My post.INFO: Utente admin si trova nella sezione MyPost [] []
[2024-03-11T11:35:31.684752+00:00] My post.INFO: Utente admin si trova nella sezione MyPost [] []
[2024-03-11T11:35:32.720598+00:00] My post.INFO: Utente admin si trova nella sezione MyPost [] []
[2024-03-11T11:35:37.283332+00:00] My post.INFO: Utente admin si trova nella sezione MyPost [] []
[2024-03-11T11:36:18.349031+00:00] My post.INFO: Utente admin si trova nella sezione MyPost [] []
[2024-03-11T11:36:57.401713+00:00] My post.INFO: Utente admin si trova nella sezione MyPost [] []
[2024-03-11T11:36:58.110608+00:00] My post.INFO: Utente admin si trova nella sezione MyPost [] []
[2024-03-11T11:36:58.695991+00:00] My post.INFO: Utente admin si trova nella sezione MyPost [] []
[2024-03-11T11:37:07.200017+00:00] My post.INFO: Utente admin si trova nella sezione MyPost [] []
[2024-03-11T11:37:07.906332+00:00] My post.INFO: Utente admin si trova nella sezione MyPost [] []
[2024-03-11T11:37:34.243131+00:00] My post.INFO: Utente admin si trova nella sezione MyPost [] []
[2024-03-11T11:37:38.696052+00:00] My post.INFO: Utente admin si trova nella sezione MyPost [] []
[2024-03-11T11:38:41.002147+00:00] My post.INFO: Utente admin si trova nella sezione MyPost [] []
[2024-03-11T12:08:21.024194+00:00] My post.INFO: Utente admin si trova nella sezione MyPost [] []
[2024-03-11T12:08:50.752624+00:00] My post.INFO: Utente admin si trova nella sezione MyPost [] []
[2024-03-11T12:08:50.758560+00:00] My post.ERROR: SQLSTATE[42S22]: Column not found: 1054 Unknown column 'post_id' in 'field list' [] []
[2024-03-11T12:09:11.294082+00:00] My post.INFO: Utente admin si trova nella sezione MyPost [] []
[2024-03-11T12:09:16.579390+00:00] My post.INFO: Utente admin si trova nella sezione MyPost [] []
[2024-03-11T12:09:16.585418+00:00] My post.ERROR: SQLSTATE[42S22]: Column not found: 1054 Unknown column 'post_id' in 'field list' [] []
[2024-03-11T12:09:47.652804+00:00] My post.INFO: Utente admin si trova nella sezione MyPost [] []
[2024-03-11T12:09:50.762105+00:00] My post.INFO: Utente admin si trova nella sezione MyPost [] []
[2024-03-11T12:09:50.769162+00:00] My post.ERROR: SQLSTATE[42S22]: Column not found: 1054 Unknown column 'description' in 'field list' [] []
[2024-03-11T12:10:27.466809+00:00] My post.INFO: Utente admin si trova nella sezione MyPost [] []
[2024-03-11T12:10:30.563516+00:00] My post.INFO: Utente admin si trova nella sezione MyPost [] []
[2024-03-11T12:10:30.573047+00:00] My post.ERROR: SQLSTATE[42S02]: Base table or view not found: 1146 Table 'TheBoringSocial.liked_Post' doesn't exist [] []
[2024-03-11T12:11:14.690267+00:00] My post.INFO: Utente admin si trova nella sezione MyPost [] []
[2024-03-11T12:11:15.440475+00:00] My post.INFO: Utente admin si trova nella sezione MyPost [] []
[2024-03-11T12:11:16.430379+00:00] Dashboard.INFO: Utente admin si trova nella dashboard [] []
[2024-03-11T12:11:17.594903+00:00] My post.INFO: Utente admin si trova nella sezione MyPost [] []
[2024-03-11T12:11:58.400956+00:00] Dashboard.INFO: Utente admin si trova nella dashboard [] []
[2024-03-11T12:11:59.597928+00:00] My post.INFO: Utente admin si trova nella sezione MyPost [] []
[2024-03-11T12:13:41.899168+00:00] My post.INFO: Utente admin si trova nella sezione MyPost [] []
[2024-03-11T12:13:44.120224+00:00] Dashboard.INFO: Utente admin si trova nella dashboard [] []
[2024-03-11T12:13:45.450219+00:00] My post.INFO: Utente admin si trova nella sezione MyPost [] []
[2024-03-11T12:14:56.957725+00:00] My post.INFO: Utente admin si trova nella sezione MyPost [] []
[2024-03-11T12:15:51.549095+00:00] My post.INFO: Utente admin si trova nella sezione MyPost [] []
[2024-03-11T12:17:15.026322+00:00] My post.INFO: Utente admin si trova nella sezione MyPost [] []
[2024-03-11T12:25:17.273474+00:00] My post.INFO: Utente admin si trova nella sezione MyPost [] []
[2024-03-11T12:25:31.665546+00:00] My post.INFO: Utente admin si trova nella sezione MyPost [] []
[2024-03-11T12:26:39.608097+00:00] My post.INFO: Utente admin si trova nella sezione MyPost [] []
[2024-03-11T12:26:53.576119+00:00] My post.INFO: Utente admin si trova nella sezione MyPost [] []
[2024-03-11T12:27:27.419484+00:00] Dashboard.INFO: Utente admin si trova nella dashboard [] []
[2024-03-11T12:27:27.986921+00:00] My post.INFO: Utente admin si trova nella sezione MyPost [] []
[2024-03-11T12:28:06.232583+00:00] My post.INFO: Utente admin si trova nella sezione MyPost [] []
[2024-03-11T12:28:14.938471+00:00] My post.INFO: Utente admin si trova nella sezione MyPost [] []
[2024-03-11T12:29:10.140809+00:00] My post.INFO: Utente admin si trova nella sezione MyPost [] []
[2024-03-11T12:29:36.147729+00:00] My post.INFO: Utente admin si trova nella sezione MyPost [] []
[2024-03-11T12:29:58.114315+00:00] My post.INFO: Utente admin si trova nella sezione MyPost [] []
[2024-03-11T12:29:59.029394+00:00] My post.INFO: Utente admin si trova nella sezione MyPost [] []
[2024-03-11T12:29:59.878547+00:00] My post.INFO: Utente admin si trova nella sezione MyPost [] []
[2024-03-11T12:32:16.872235+00:00] My post.INFO: Utente admin si trova nella sezione MyPost [] []
[2024-03-11T12:32:27.188281+00:00] My post.INFO: Utente admin si trova nella sezione MyPost [] []
[2024-03-11T12:33:11.168378+00:00] My post.INFO: Utente admin si trova nella sezione MyPost [] []
[2024-03-11T12:33:35.054311+00:00] My post.INFO: Utente admin si trova nella sezione MyPost [] []
[2024-03-11T12:34:24.152182+00:00] My post.INFO: Utente admin si trova nella sezione MyPost [] []
[2024-03-11T12:35:46.609864+00:00] My post.INFO: Utente admin si trova nella sezione MyPost [] []
[2024-03-11T12:36:53.648564+00:00] My post.INFO: Utente admin si trova nella sezione MyPost [] []
[2024-03-11T12:36:54.734136+00:00] My post.INFO: Utente admin si trova nella sezione MyPost [] []
[2024-03-11T12:37:05.741477+00:00] My post.INFO: Utente admin si trova nella sezione MyPost [] []
[2024-03-11T12:37:06.694592+00:00] My post.INFO: Utente admin si trova nella sezione MyPost [] []
[2024-03-11T12:37:24.493460+00:00] My post.INFO: Utente admin si trova nella sezione MyPost [] []
[2024-03-11T12:38:42.739511+00:00] My post.INFO: Utente admin si trova nella sezione MyPost [] []
[2024-03-11T12:38:43.353128+00:00] My post.INFO: Utente admin si trova nella sezione MyPost [] []
[2024-03-11T12:38:44.094812+00:00] Dashboard.INFO: Utente admin si trova nella dashboard [] []
[2024-03-11T12:38:45.101891+00:00] My post.INFO: Utente admin si trova nella sezione MyPost [] []
[2024-03-11T12:41:03.461945+00:00] My post.INFO: Utente admin si trova nella sezione MyPost [] []
[2024-03-11T12:42:30.090427+00:00] My post.INFO: Utente admin si trova nella sezione MyPost [] []
[2024-03-11T12:42:40.547759+00:00] My post.INFO: Utente admin si trova nella sezione MyPost [] []
[2024-03-11T12:43:13.790106+00:00] My post.INFO: Utente admin si trova nella sezione MyPost [] []
[2024-03-11T12:44:55.280378+00:00] Dashboard.INFO: Utente admin si trova nella dashboard [] []
[2024-03-11T12:44:55.922263+00:00] My post.INFO: Utente admin si trova nella sezione MyPost [] []
[2024-03-11T12:45:47.163343+00:00] My post.INFO: Utente admin si trova nella sezione MyPost [] []
[2024-03-11T12:49:33.406020+00:00] My post.INFO: Utente admin si trova nella sezione MyPost [] []
[2024-03-11T19:36:01.984647+00:00] Login Logger.INFO: Un utente si è loggato correttamente {"username":"admin"} []
[2024-03-11T19:36:02.011308+00:00] Dashboard.INFO: Utente admin si trova nella dashboard [] []
[2024-03-11T19:36:03.334799+00:00] My post.INFO: Utente admin si trova nella sezione MyPost [] []
[2024-03-11T19:36:13.016623+00:00] My post.INFO: Utente admin si trova nella sezione MyPost [] []
[2024-03-11T19:36:54.226411+00:00] My post.INFO: Utente admin si trova nella sezione MyPost [] []
[2024-03-11T20:04:59.334118+00:00] My post.INFO: Utente admin si trova nella sezione MyPost [] []
[2024-03-11T20:05:02.541866+00:00] My post.INFO: Utente admin si trova nella sezione MyPost [] []
[2024-03-11T20:08:13.117163+00:00] My post.INFO: Utente admin si trova nella sezione MyPost [] []
[2024-03-11T20:08:17.356648+00:00] My post.INFO: Utente admin si trova nella sezione MyPost [] []
[2024-03-11T20:08:32.087995+00:00] My post.INFO: Utente admin si trova nella sezione MyPost [] []
[2024-03-11T20:08:35.218373+00:00] My post.INFO: Utente admin si trova nella sezione MyPost [] []
[2024-03-11T20:08:59.657133+00:00] My post.INFO: Utente admin si trova nella sezione MyPost [] []
[2024-03-11T20:09:05.813766+00:00] My post.INFO: Utente admin si trova nella sezione MyPost [] []
[2024-03-11T20:10:59.027979+00:00] My post.INFO: Utente admin si trova nella sezione MyPost [] []
[2024-03-11T20:11:02.041283+00:00] My post.INFO: Utente admin si trova nella sezione MyPost [] []
[2024-03-11T20:11:02.048733+00:00] My post.INFO: Utente admin ha commentato il post 6 [] []
[2024-03-11T20:21:32.772611+00:00] My post.INFO: Utente admin si trova nella sezione MyPost [] []
[2024-03-11T20:21:32.786401+00:00] My post.ERROR: SQLSTATE[42S02]: Base table or view not found: 1146 Table 'TheBoringSocial.comment' doesn't exist [] []
[2024-03-11T20:22:07.911565+00:00] My post.INFO: Utente admin si trova nella sezione MyPost [] []
[2024-03-11T20:22:07.920004+00:00] My post.ERROR: SQLSTATE[HY000]: General error: No fetch class specified [] []
[2024-03-11T20:22:10.987347+00:00] My post.INFO: Utente admin si trova nella sezione MyPost [] []
[2024-03-11T20:22:10.995682+00:00] My post.ERROR: SQLSTATE[HY000]: General error: No fetch class specified [] []
[2024-03-11T20:22:11.547120+00:00] My post.INFO: Utente admin si trova nella sezione MyPost [] []
[2024-03-11T20:22:11.551252+00:00] My post.ERROR: SQLSTATE[HY000]: General error: No fetch class specified [] []
[2024-03-11T20:22:11.993492+00:00] My post.INFO: Utente admin si trova nella sezione MyPost [] []
[2024-03-11T20:22:11.997886+00:00] My post.ERROR: SQLSTATE[HY000]: General error: No fetch class specified [] []
[2024-03-11T20:22:12.725104+00:00] My post.INFO: Utente admin si trova nella sezione MyPost [] []
[2024-03-11T20:22:12.730120+00:00] My post.ERROR: SQLSTATE[HY000]: General error: No fetch class specified [] []
[2024-03-11T20:22:12.923583+00:00] Dashboard.INFO: Utente admin si trova nella dashboard [] []
[2024-03-11T20:22:14.153466+00:00] My post.INFO: Utente admin si trova nella sezione MyPost [] []
[2024-03-11T20:22:14.161058+00:00] My post.ERROR: SQLSTATE[HY000]: General error: No fetch class specified [] []
[2024-03-11T20:25:24.107190+00:00] My post.INFO: Utente admin si trova nella sezione MyPost [] []
[2024-03-11T20:26:40.497391+00:00] My post.INFO: Utente admin si trova nella sezione MyPost [] []
[2024-03-11T20:28:32.094303+00:00] My post.INFO: Utente admin si trova nella sezione MyPost [] []
[2024-03-11T20:28:44.577532+00:00] My post.INFO: Utente admin si trova nella sezione MyPost [] []
[2024-03-11T20:29:31.714376+00:00] My post.INFO: Utente admin si trova nella sezione MyPost [] []
[2024-03-11T20:29:49.456245+00:00] My post.INFO: Utente admin si trova nella sezione MyPost [] []
[2024-03-11T20:30:53.330864+00:00] My post.INFO: Utente admin si trova nella sezione MyPost [] []
[2024-03-12T18:53:21.770934+00:00] Login Logger.INFO: Un utente si è loggato correttamente {"username":"admin"} []
[2024-03-12T18:53:21.840551+00:00] Dashboard.INFO: Utente admin si trova nella dashboard [] []
[2024-03-12T18:53:24.349607+00:00] My post.INFO: Utente admin si trova nella sezione MyPost [] []
[2024-03-12T18:53:56.176805+00:00] My post.INFO: Utente admin si trova nella sezione MyPost [] []
[2024-03-12T18:53:56.943991+00:00] My post.INFO: Utente admin si trova nella sezione MyPost [] []
[2024-03-12T18:55:58.999859+00:00] My post.INFO: Utente admin si trova nella sezione MyPost [] []
[2024-03-12T18:56:55.238826+00:00] My post.INFO: Utente admin si trova nella sezione MyPost [] []
[2024-03-12T18:59:03.323224+00:00] My post.INFO: Utente admin si trova nella sezione MyPost [] []
[2024-03-12T19:00:17.521646+00:00] My post.INFO: Utente admin si trova nella sezione MyPost [] []
[2024-03-12T19:00:32.444024+00:00] My post.INFO: Utente admin si trova nella sezione MyPost [] []
[2024-03-12T19:18:15.507350+00:00] My post.INFO: Utente admin si trova nella sezione MyPost [] []
[2024-03-12T19:25:18.236206+00:00] My post.INFO: Utente admin si trova nella sezione MyPost [] []
[2024-03-12T19:25:19.370315+00:00] My post.INFO: Utente admin si trova nella sezione MyPost [] []
[2024-03-12T19:26:37.784424+00:00] Dashboard.INFO: Utente admin si trova nella dashboard [] []
[2024-03-12T19:26:38.360606+00:00] My post.INFO: Utente admin si trova nella sezione MyPost [] []
[2024-03-12T19:27:22.370293+00:00] My post.INFO: Utente admin si trova nella sezione MyPost [] []
[2024-03-12T19:30:26.140428+00:00] My post.INFO: Utente admin si trova nella sezione MyPost [] []
[2024-03-12T19:30:42.117598+00:00] My post.INFO: Utente admin si trova nella sezione MyPost [] []
[2024-03-12T19:40:38.465410+00:00] My post.INFO: Utente admin si trova nella sezione MyPost [] []
[2024-03-12T19:50:14.984281+00:00] My post.INFO: Utente admin si trova nella sezione MyPost [] []
[2024-03-12T19:51:11.302646+00:00] My post.INFO: Utente admin si trova nella sezione MyPost [] []
[2024-03-12T19:52:46.402006+00:00] My post.INFO: Utente admin si trova nella sezione MyPost [] []
[2024-03-12T19:53:01.698325+00:00] My post.INFO: Utente admin si trova nella sezione MyPost [] []
[2024-03-12T19:54:56.380997+00:00] My post.INFO: Utente admin si trova nella sezione MyPost [] []
[2024-03-12T19:58:51.989271+00:00] My post.INFO: Utente admin si trova nella sezione MyPost [] []
[2024-03-12T20:02:42.599267+00:00] My post.INFO: Utente admin si trova nella sezione MyPost [] []
[2024-03-12T20:02:53.558974+00:00] My post.INFO: Utente admin si trova nella sezione MyPost [] []
[2024-03-12T20:43:59.676600+00:00] Login Logger.INFO: Un utente si è loggato correttamente {"username":"admin"} []
[2024-03-12T20:43:59.704083+00:00] Dashboard.INFO: Utente admin si trova nella dashboard [] []
[2024-03-12T20:44:00.626663+00:00] My post.INFO: Utente admin si trova nella sezione MyPost [] []
[2024-03-12T20:45:05.854629+00:00] My post.INFO: Utente admin si trova nella sezione MyPost [] []
[2024-03-12T20:45:24.736245+00:00] My post.INFO: Utente admin si trova nella sezione MyPost [] []
[2024-03-12T20:46:01.910884+00:00] My post.INFO: Utente admin si trova nella sezione MyPost [] []
[2024-03-12T20:46:57.269643+00:00] My post.INFO: Utente admin si trova nella sezione MyPost [] []
[2024-03-12T20:47:19.002619+00:00] My post.INFO: Utente admin si trova nella sezione MyPost [] []
[2024-03-12T20:47:19.014125+00:00] My post.INFO: Utente admin ha commentato il post 3 [] []
[2024-03-12T20:50:28.420600+00:00] My post.INFO: Utente admin si trova nella sezione MyPost [] []
[2024-03-12T20:50:28.437937+00:00] My post.INFO: Utente admin ha commentato il post 3 [] []
[2024-03-12T20:51:24.276935+00:00] My post.INFO: Utente admin si trova nella sezione MyPost [] []
[2024-03-12T20:51:33.138268+00:00] My post.INFO: Utente admin si trova nella sezione MyPost [] []
[2024-03-12T20:51:33.147930+00:00] My post.INFO: Utente admin ha commentato il post 3 [] []
[2024-03-12T20:52:48.304103+00:00] My post.INFO: Utente admin si trova nella sezione MyPost [] []
[2024-03-12T20:52:48.320951+00:00] My post.INFO: Utente admin ha commentato il post 3 [] []
[2024-03-12T20:53:03.916395+00:00] My post.INFO: Utente admin si trova nella sezione MyPost [] []
[2024-03-12T20:53:03.926877+00:00] My post.INFO: Utente admin ha commentato il post 3 [] []
[2024-03-12T20:53:45.703648+00:00] My post.INFO: Utente admin si trova nella sezione MyPost [] []
[2024-03-12T20:53:45.714705+00:00] My post.INFO: Utente admin ha commentato il post 3 [] []
[2024-03-13T09:03:44.223352+00:00] Login Logger.INFO: Un utente si è loggato correttamente {"username":"admin"} []
[2024-03-13T09:03:44.298055+00:00] Dashboard.INFO: Utente admin si trova nella dashboard [] []
[2024-03-13T09:03:52.104203+00:00] My post.INFO: Utente admin si trova nella sezione MyPost [] []
[2024-03-13T10:14:29.082763+00:00] Login Logger.INFO: Un utente si è loggato correttamente {"username":"admin"} []
[2024-03-13T10:14:29.117608+00:00] Dashboard.INFO: Utente admin si trova nella dashboard [] []
[2024-03-13T10:14:30.419415+00:00] My post.INFO: Utente admin si trova nella sezione MyPost [] []
[2024-03-13T10:14:44.586798+00:00] My post.INFO: Utente admin si trova nella sezione MyPost [] []
[2024-03-13T10:15:33.763457+00:00] My post.INFO: Utente admin si trova nella sezione MyPost [] []
[2024-03-13T10:16:49.093297+00:00] My post.INFO: Utente admin si trova nella sezione MyPost [] []
[2024-03-13T10:17:01.901695+00:00] My post.INFO: Utente admin si trova nella sezione MyPost [] []
[2024-03-13T10:17:25.298641+00:00] My post.INFO: Utente admin si trova nella sezione MyPost [] []
[2024-03-13T10:17:32.238209+00:00] My post.INFO: Utente admin si trova nella sezione MyPost [] []
[2024-03-13T10:17:37.217388+00:00] My post.INFO: Utente admin si trova nella sezione MyPost [] []
[2024-03-13T10:17:42.310440+00:00] My post.INFO: Utente admin si trova nella sezione MyPost [] []
[2024-03-13T10:18:16.327586+00:00] My post.INFO: Utente admin si trova nella sezione MyPost [] []
[2024-03-13T10:19:02.890158+00:00] My post.INFO: Utente admin si trova nella sezione MyPost [] []
[2024-03-13T10:21:53.532970+00:00] My post.INFO: Utente admin si trova nella sezione MyPost [] []
[2024-03-13T10:23:51.000259+00:00] My post.INFO: Utente admin si trova nella sezione MyPost [] []
[2024-03-13T10:25:59.492869+00:00] My post.INFO: Utente admin si trova nella sezione MyPost [] []
[2024-03-13T10:26:10.039298+00:00] My post.INFO: Utente admin si trova nella sezione MyPost [] []
[2024-03-13T10:26:10.050010+00:00] My post.INFO: Utente admin ha commentato il post 2 [] []
[2024-03-13T10:27:39.368875+00:00] My post.INFO: Utente admin si trova nella sezione MyPost [] []
[2024-03-13T10:27:39.381993+00:00] My post.INFO: Utente admin ha commentato il post 2 [] []
[2024-03-13T10:29:23.175433+00:00] My post.INFO: Utente admin si trova nella sezione MyPost [] []
[2024-03-13T10:29:34.665500+00:00] My post.INFO: Utente admin si trova nella sezione MyPost [] []
[2024-03-13T10:30:05.646536+00:00] My post.INFO: Utente admin si trova nella sezione MyPost [] []
[2024-03-13T10:30:28.987271+00:00] My post.INFO: Utente admin si trova nella sezione MyPost [] []
[2024-03-13T10:30:43.571041+00:00] My post.INFO: Utente admin si trova nella sezione MyPost [] []
[2024-03-13T10:31:02.404296+00:00] My post.INFO: Utente admin si trova nella sezione MyPost [] []
[2024-03-13T10:32:22.827858+00:00] My post.INFO: Utente admin si trova nella sezione MyPost [] []
[2024-03-13T10:33:33.031545+00:00] My post.INFO: Utente admin si trova nella sezione MyPost [] []
[2024-03-13T10:33:44.527923+00:00] My post.INFO: Utente admin si trova nella sezione MyPost [] []
[2024-03-13T10:34:16.875632+00:00] My post.INFO: Utente admin si trova nella sezione MyPost [] []
[2024-03-13T10:34:31.847016+00:00] My post.INFO: Utente admin si trova nella sezione MyPost [] []
[2024-03-13T10:34:39.421249+00:00] My post.INFO: Utente admin si trova nella sezione MyPost [] []
[2024-03-13T10:34:46.392037+00:00] My post.INFO: Utente admin si trova nella sezione MyPost [] []
[2024-03-13T10:36:01.446945+00:00] My post.INFO: Utente admin si trova nella sezione MyPost [] []
[2024-03-13T10:36:42.298646+00:00] My post.INFO: Utente admin si trova nella sezione MyPost [] []
[2024-03-13T10:37:00.762716+00:00] My post.INFO: Utente admin si trova nella sezione MyPost [] []
[2024-03-13T10:37:58.110786+00:00] My post.INFO: Utente admin si trova nella sezione MyPost [] []
[2024-03-13T10:50:13.174948+00:00] My post.INFO: Utente admin si trova nella sezione MyPost [] []
[2024-03-13T10:50:28.104680+00:00] My post.INFO: Utente admin si trova nella sezione MyPost [] []
[2024-03-13T12:03:22.385257+00:00] Login Logger.INFO: Un utente si è loggato correttamente {"username":"admin"} []
[2024-03-13T12:03:22.417035+00:00] Dashboard.INFO: Utente admin si trova nella dashboard [] []
[2024-03-13T12:03:23.674425+00:00] My post.INFO: Utente admin si trova nella sezione MyPost [] []
[2024-03-13T12:04:35.452052+00:00] My post.INFO: Utente admin si trova nella sezione MyPost [] []
[2024-03-13T12:05:36.438217+00:00] My post.INFO: Utente admin si trova nella sezione MyPost [] []
[2024-03-13T12:05:37.542631+00:00] My post.INFO: Utente admin si trova nella sezione MyPost [] []
[2024-03-13T12:05:56.940830+00:00] My post.INFO: Utente admin si trova nella sezione MyPost [] []
[2024-03-13T12:06:06.809090+00:00] My post.INFO: Utente admin si trova nella sezione MyPost [] []
[2024-03-13T12:06:10.527984+00:00] My post.INFO: Utente admin si trova nella sezione MyPost [] []
[2024-03-13T12:06:50.088283+00:00] My post.INFO: Utente admin si trova nella sezione MyPost [] []
[2024-03-13T12:07:30.785311+00:00] My post.INFO: Utente admin si trova nella sezione MyPost [] []
[2024-03-13T12:07:47.682620+00:00] My post.INFO: Utente admin si trova nella sezione MyPost [] []
[2024-03-13T12:08:04.420701+00:00] My post.INFO: Utente admin si trova nella sezione MyPost [] []
[2024-03-13T12:08:08.354852+00:00] My post.INFO: Utente admin si trova nella sezione MyPost [] []
[2024-03-13T12:08:31.556263+00:00] My post.INFO: Utente admin si trova nella sezione MyPost [] []
[2024-03-13T12:08:44.573844+00:00] My post.INFO: Utente admin si trova nella sezione MyPost [] []
[2024-03-13T12:09:28.515687+00:00] My post.INFO: Utente admin si trova nella sezione MyPost [] []
[2024-03-13T12:09:37.381767+00:00] My post.INFO: Utente admin si trova nella sezione MyPost [] []
[2024-03-13T12:09:54.562089+00:00] My post.INFO: Utente admin si trova nella sezione MyPost [] []
[2024-03-13T12:09:59.510103+00:00] My post.INFO: Utente admin si trova nella sezione MyPost [] []
[2024-03-13T12:10:14.566789+00:00] My post.INFO: Utente admin si trova nella sezione MyPost [] []
[2024-03-13T12:10:34.920740+00:00] My post.INFO: Utente admin si trova nella sezione MyPost [] []
[2024-03-13T12:10:50.990311+00:00] My post.INFO: Utente admin si trova nella sezione MyPost [] []
[2024-03-13T12:11:56.646650+00:00] My post.INFO: Utente admin si trova nella sezione MyPost [] []
[2024-03-13T12:12:10.891527+00:00] My post.INFO: Utente admin si trova nella sezione MyPost [] []
[2024-03-13T12:12:18.660211+00:00] My post.INFO: Utente admin si trova nella sezione MyPost [] []
[2024-03-13T12:12:24.654125+00:00] My post.INFO: Utente admin si trova nella sezione MyPost [] []
[2024-03-13T12:12:25.855030+00:00] My post.INFO: Utente admin si trova nella sezione MyPost [] []
[2024-03-13T12:12:29.578575+00:00] My post.INFO: Utente admin si trova nella sezione MyPost [] []
[2024-03-13T12:12:45.577344+00:00] My post.INFO: Utente admin si trova nella sezione MyPost [] []
[2024-03-13T12:12:46.445298+00:00] My post.INFO: Utente admin si trova nella sezione MyPost [] []
[2024-03-13T12:14:45.898711+00:00] My post.INFO: Utente admin si trova nella sezione MyPost [] []
[2024-03-13T12:14:53.533718+00:00] My post.INFO: Utente admin si trova nella sezione MyPost [] []
[2024-03-13T12:15:05.476707+00:00] My post.INFO: Utente admin si trova nella sezione MyPost [] []
[2024-03-13T12:15:09.938703+00:00] My post.INFO: Utente admin si trova nella sezione MyPost [] []
[2024-03-13T12:15:48.535217+00:00] My post.INFO: Utente admin si trova nella sezione MyPost [] []
[2024-03-13T12:16:41.573645+00:00] My post.INFO: Utente admin si trova nella sezione MyPost [] []
[2024-03-13T12:17:08.603127+00:00] My post.INFO: Utente admin si trova nella sezione MyPost [] []
[2024-03-13T12:17:17.058833+00:00] My post.INFO: Utente admin si trova nella sezione MyPost [] []
[2024-03-13T12:23:28.596426+00:00] My post.INFO: Utente admin si trova nella sezione MyPost [] []
[2024-03-13T12:23:30.060962+00:00] My post.INFO: Utente admin si trova nella sezione MyPost [] []
[2024-03-13T12:23:55.863829+00:00] My post.INFO: Utente admin si trova nella sezione MyPost [] []
[2024-03-13T12:23:56.708550+00:00] My post.INFO: Utente admin si trova nella sezione MyPost [] []
[2024-03-13T12:24:56.461933+00:00] My post.INFO: Utente admin si trova nella sezione MyPost [] []
[2024-03-13T12:25:13.662875+00:00] My post.INFO: Utente admin si trova nella sezione MyPost [] []
[2024-03-13T12:26:09.717393+00:00] My post.INFO: Utente admin si trova nella sezione MyPost [] []
[2024-03-13T12:26:24.503077+00:00] My post.INFO: Utente admin si trova nella sezione MyPost [] []
[2024-03-13T12:28:05.912099+00:00] My post.INFO: Utente admin si trova nella sezione MyPost [] []
[2024-03-13T12:29:51.130522+00:00] My post.INFO: Utente admin si trova nella sezione MyPost [] []
[2024-03-13T12:31:34.142404+00:00] My post.INFO: Utente admin si trova nella sezione MyPost [] []
[2024-03-13T12:33:07.461063+00:00] My post.INFO: Utente admin si trova nella sezione MyPost [] []
[2024-03-13T12:41:41.512806+00:00] My post.INFO: Utente admin si trova nella sezione MyPost [] []
[2024-03-13T12:41:51.058615+00:00] My post.INFO: Utente admin si trova nella sezione MyPost [] []
[2024-03-13T12:41:55.791797+00:00] My post.INFO: Utente admin si trova nella sezione MyPost [] []
[2024-03-13T12:41:57.001665+00:00] My post.INFO: Utente admin si trova nella sezione MyPost [] []
[2024-03-13T12:42:03.850010+00:00] My post.INFO: Utente admin si trova nella sezione MyPost [] []
[2024-03-13T12:42:15.258213+00:00] My post.INFO: Utente admin si trova nella sezione MyPost [] []
[2024-03-13T12:42:16.642647+00:00] My post.INFO: Utente admin si trova nella sezione MyPost [] []
[2024-03-13T12:43:27.457024+00:00] My post.INFO: Utente admin si trova nella sezione MyPost [] []
[2024-03-13T12:43:44.007715+00:00] My post.INFO: Utente admin si trova nella sezione MyPost [] []
[2024-03-13T12:44:24.481325+00:00] My post.INFO: Utente admin si trova nella sezione MyPost [] []
[2024-03-13T12:44:30.982683+00:00] My post.INFO: Utente admin si trova nella sezione MyPost [] []
[2024-03-13T12:48:30.108717+00:00] My post.INFO: Utente admin si trova nella sezione MyPost [] []
[2024-03-13T12:49:04.987230+00:00] My post.INFO: Utente admin si trova nella sezione MyPost [] []
[2024-03-13T12:49:18.174956+00:00] My post.INFO: Utente admin si trova nella sezione MyPost [] []
[2024-03-13T12:49:37.095131+00:00] My post.INFO: Utente admin si trova nella sezione MyPost [] []
[2024-03-13T12:49:39.331419+00:00] My post.INFO: Utente admin si trova nella sezione MyPost [] []
[2024-03-13T12:51:57.577922+00:00] Dashboard.INFO: Utente admin si trova nella dashboard [] []
[2024-03-13T13:02:58.184446+00:00] My post.INFO: Utente admin si trova nella sezione MyPost [] []
[2024-03-13T13:03:50.091960+00:00] My post.INFO: Utente admin si trova nella sezione MyPost [] []
[2024-03-13T13:03:58.418600+00:00] My post.INFO: Utente admin si trova nella sezione MyPost [] []
[2024-03-13T13:04:47.420084+00:00] My post.INFO: Utente admin si trova nella sezione MyPost [] []
[2024-03-13T13:20:46.327756+00:00] My post.INFO: Utente admin si trova nella sezione MyPost [] []
[2024-03-13T13:21:31.519099+00:00] My post.INFO: Utente admin si trova nella sezione MyPost [] []
[2024-03-13T13:22:19.576641+00:00] My post.INFO: Utente admin si trova nella sezione MyPost [] []
[2024-03-13T13:22:40.079847+00:00] My post.INFO: Utente admin si trova nella sezione MyPost [] []
[2024-03-13T13:23:13.813476+00:00] My post.INFO: Utente admin si trova nella sezione MyPost [] []
[2024-03-13T13:23:19.663870+00:00] My post.INFO: Utente admin si trova nella sezione MyPost [] []
[2024-03-13T13:24:13.690444+00:00] My post.INFO: Utente admin si trova nella sezione MyPost [] []
[2024-03-13T13:24:27.705203+00:00] My post.INFO: Utente admin si trova nella sezione MyPost [] []
[2024-03-13T13:24:35.184673+00:00] My post.INFO: Utente admin si trova nella sezione MyPost [] []
[2024-03-13T13:24:40.332203+00:00] My post.INFO: Utente admin si trova nella sezione MyPost [] []
[2024-03-13T13:24:44.930809+00:00] My post.INFO: Utente admin si trova nella sezione MyPost [] []
[2024-03-13T13:24:51.861509+00:00] My post.INFO: Utente admin si trova nella sezione MyPost [] []
[2024-03-13T13:26:35.171916+00:00] My post.INFO: Utente admin si trova nella sezione MyPost [] []
[2024-03-13T13:26:35.853015+00:00] My post.INFO: Utente admin si trova nella sezione MyPost [] []
[2024-03-13T13:26:39.288259+00:00] My post.INFO: Utente admin si trova nella sezione MyPost [] []
[2024-03-13T20:20:06.853782+00:00] Login Logger.INFO: Un utente si è loggato correttamente {"username":"admin"} []
[2024-03-13T20:20:06.887095+00:00] Dashboard.INFO: Utente admin si trova nella dashboard [] []
[2024-03-13T20:20:07.976831+00:00] My post.INFO: Utente admin si trova nella sezione MyPost [] []
[2024-03-13T20:26:00.263092+00:00] My post.INFO: Utente admin si trova nella sezione MyPost [] []
[2024-03-13T20:28:06.261788+00:00] My post.INFO: Utente admin si trova nella sezione MyPost [] []
[2024-03-13T20:28:15.525636+00:00] My post.INFO: Utente admin si trova nella sezione MyPost [] []
[2024-03-13T20:28:29.360051+00:00] My post.INFO: Utente admin si trova nella sezione MyPost [] []
[2024-03-13T20:28:38.573281+00:00] My post.INFO: Utente admin si trova nella sezione MyPost [] []
[2024-03-13T20:29:34.344926+00:00] My post.INFO: Utente admin si trova nella sezione MyPost [] []
[2024-03-13T20:29:55.218433+00:00] My post.INFO: Utente admin si trova nella sezione MyPost [] []
[2024-03-13T20:31:12.006818+00:00] My post.INFO: Utente admin si trova nella sezione MyPost [] []
[2024-03-13T20:32:11.286215+00:00] My post.INFO: Utente admin si trova nella sezione MyPost [] []
[2024-03-13T20:32:31.718868+00:00] My post.INFO: Utente admin si trova nella sezione MyPost [] []
[2024-03-13T20:32:34.173731+00:00] CommentPage.INFO: Utente admin si trova nella dashboard [] []
[2024-03-13T20:33:25.841992+00:00] CommentPage.INFO: Utente admin si trova nella dashboard [] []
[2024-03-13T20:36:28.595628+00:00] My post.INFO: Utente admin si trova nella sezione MyPost [] []
[2024-03-13T20:36:29.897454+00:00] CommentPage.INFO: Utente admin si trova nella dashboard [] []
[2024-03-13T20:39:10.584477+00:00] My post.INFO: Utente admin si trova nella sezione MyPost [] []
[2024-03-13T20:40:05.277549+00:00] CommentPage.INFO: Utente admin si trova nella dashboard [] []
[2024-03-13T20:40:12.630914+00:00] CommentPage.INFO: Utente admin si trova nella dashboard [] []
[2024-03-13T20:41:04.826916+00:00] CommentPage.INFO: Utente admin si trova nella dashboard [] []
[2024-03-13T20:41:11.671105+00:00] CommentPage.INFO: Utente admin si trova nella dashboard [] []
[2024-03-13T20:41:52.810264+00:00] CommentPage.INFO: Utente admin si trova nella dashboard [] []
[2024-03-13T20:42:20.966219+00:00] CommentPage.INFO: Utente admin si trova nella dashboard [] []
[2024-03-13T20:42:28.226354+00:00] CommentPage.INFO: Utente admin si trova nella dashboard [] []
[2024-03-13T20:43:36.546559+00:00] CommentPage.INFO: Utente admin si trova nella dashboard [] []
[2024-03-13T20:44:15.610634+00:00] CommentPage.INFO: Utente admin si trova nella dashboard [] []
[2024-03-13T20:44:37.783135+00:00] CommentPage.INFO: Utente admin si trova nella dashboard [] []
[2024-03-13T20:45:00.175163+00:00] CommentPage.INFO: Utente admin si trova nella dashboard [] []
[2024-03-13T20:45:09.301080+00:00] CommentPage.INFO: Utente admin si trova nella dashboard [] []
[2024-03-13T20:48:03.146117+00:00] CommentPage.INFO: Utente admin si trova nella pagina del post 6 [] []
[2024-03-13T20:48:09.815384+00:00] CommentPage.INFO: Utente admin si trova nella pagina del post 6 [] []
[2024-03-13T20:57:47.724087+00:00] CommentPage.INFO: Utente admin si trova nella pagina del post 6 [] []
[2024-03-13T20:57:47.736186+00:00] CommentPage.ERROR: SQLSTATE[42S22]: Column not found: 1054 Unknown column 'post_id' in 'where clause' [] []
[2024-03-13T20:58:36.707879+00:00] CommentPage.INFO: Utente admin si trova nella pagina del post 6 [] []
[2024-03-13T20:58:36.713821+00:00] CommentPage.ERROR: SQLSTATE[42S22]: Column not found: 1054 Unknown column 'post_id' in 'where clause' [] []
[2024-03-13T20:58:37.865776+00:00] CommentPage.INFO: Utente admin si trova nella pagina del post 6 [] []
[2024-03-13T20:58:37.870052+00:00] CommentPage.ERROR: SQLSTATE[42S22]: Column not found: 1054 Unknown column 'post_id' in 'where clause' [] []
[2024-03-13T20:59:05.286232+00:00] CommentPage.INFO: Utente admin si trova nella pagina del post 6 [] []
[2024-03-13T20:59:05.293616+00:00] CommentPage.ERROR: SQLSTATE[42S22]: Column not found: 1054 Unknown column 'post_id' in 'where clause' [] []
[2024-03-13T20:59:07.501877+00:00] CommentPage.INFO: Utente admin si trova nella pagina del post 6 [] []
[2024-03-13T20:59:07.506102+00:00] CommentPage.ERROR: SQLSTATE[42S22]: Column not found: 1054 Unknown column 'post_id' in 'where clause' [] []
[2024-03-13T20:59:48.098027+00:00] CommentPage.INFO: Utente admin si trova nella pagina del post 6 [] []
[2024-03-13T21:00:41.103663+00:00] CommentPage.INFO: Utente admin si trova nella pagina del post 6 [] []
[2024-03-13T21:00:57.608447+00:00] CommentPage.INFO: Utente admin si trova nella pagina del post 6 [] []
[2024-03-13T21:01:16.961557+00:00] CommentPage.INFO: Utente admin si trova nella pagina del post 6 [] []
[2024-03-13T21:08:11.187938+00:00] CommentPage.INFO: Utente admin si trova nella pagina del post 6 [] []
[2024-03-13T21:09:22.876964+00:00] CommentPage.INFO: Utente admin si trova nella pagina del post 6 [] []
[2024-03-13T21:09:28.883352+00:00] CommentPage.INFO: Utente admin si trova nella pagina del post 6 [] []
[2024-03-13T21:09:58.706405+00:00] CommentPage.INFO: Utente admin si trova nella pagina del post 6 [] []
[2024-03-13T21:09:59.502077+00:00] CommentPage.INFO: Utente admin si trova nella pagina del post 6 [] []
[2024-03-13T21:10:28.292268+00:00] CommentPage.INFO: Utente admin si trova nella pagina del post 6 [] []
[2024-03-13T21:11:20.623410+00:00] CommentPage.INFO: Utente admin si trova nella pagina del post 6 [] []
[2024-03-13T21:11:42.731868+00:00] CommentPage.INFO: Utente admin si trova nella pagina del post 6 [] []
[2024-03-13T21:12:29.630725+00:00] My post.INFO: Utente admin si trova nella sezione MyPost [] []
[2024-03-13T21:12:32.946624+00:00] CommentPage.INFO: Utente admin si trova nella pagina del post 6 [] []
[2024-03-13T21:13:34.168012+00:00] CommentPage.INFO: Utente admin si trova nella pagina del post 6 [] []
[2024-03-13T21:15:20.897117+00:00] CommentPage.INFO: Utente admin si trova nella pagina del post 6 [] []
[2024-03-13T21:15:41.651372+00:00] CommentPage.INFO: Utente admin si trova nella pagina del post 6 [] []
[2024-03-13T21:18:01.405925+00:00] CommentPage.INFO: Utente admin si trova nella pagina del post 6 [] []
[2024-03-13T21:18:02.350862+00:00] CommentPage.INFO: Utente admin si trova nella pagina del post 6 [] []
[2024-03-13T21:19:30.170894+00:00] CommentPage.INFO: Utente admin si trova nella pagina del post 6 [] []
[2024-03-13T21:19:56.059271+00:00] CommentPage.INFO: Utente admin si trova nella pagina del post 6 [] []
[2024-03-13T21:24:17.036173+00:00] CommentPage.INFO: Utente admin si trova nella pagina del post 6 [] []
[2024-03-13T21:25:37.394461+00:00] CommentPage.INFO: Utente admin si trova nella pagina del post 6 [] []
[2024-03-13T21:25:48.591846+00:00] CommentPage.INFO: Utente admin si trova nella pagina del post 6 [] []
[2024-03-13T21:26:14.353982+00:00] CommentPage.INFO: Utente admin si trova nella pagina del post 6 [] []
[2024-03-13T21:28:57.855466+00:00] CommentPage.INFO: Utente admin si trova nella pagina del post 6 [] []
[2024-03-13T21:28:58.885470+00:00] CommentPage.INFO: Utente admin si trova nella pagina del post 6 [] []
[2024-03-13T21:29:09.453336+00:00] CommentPage.INFO: Utente admin si trova nella pagina del post 6 [] []
[2024-03-13T21:29:39.990144+00:00] CommentPage.INFO: Utente admin si trova nella pagina del post 6 [] []
[2024-03-13T21:29:48.826076+00:00] CommentPage.INFO: Utente admin si trova nella pagina del post 6 [] []
[2024-03-13T21:29:58.922511+00:00] CommentPage.INFO: Utente admin si trova nella pagina del post 6 [] []
[2024-03-13T21:30:37.141194+00:00] CommentPage.INFO: Utente admin si trova nella pagina del post 6 [] []
[2024-03-13T21:30:43.580546+00:00] My post.INFO: Utente admin si trova nella sezione MyPost [] []
[2024-03-13T21:30:50.119443+00:00] CommentPage.INFO: Utente admin si trova nella pagina del post 6 [] []
[2024-03-13T21:31:23.280019+00:00] CommentPage.INFO: Utente admin si trova nella pagina del post 6 [] []
[2024-03-13T21:31:27.472106+00:00] CommentPage.INFO: Utente admin si trova nella pagina del post  [] []
[2024-03-13T21:32:14.959696+00:00] CommentPage.INFO: Utente admin si trova nella pagina del post 6 [] []
[2024-03-13T21:32:17.290303+00:00] CommentPage.INFO: Utente admin si trova nella pagina del post 6 [] []
[2024-03-13T21:32:55.700667+00:00] CommentPage.INFO: Utente admin si trova nella pagina del post 6 [] []
[2024-03-13T21:32:56.987542+00:00] CommentPage.INFO: Utente admin si trova nella pagina del post 6 [] []
[2024-03-13T21:32:56.993912+00:00] CommentPage.INFO: Utente admin ha commentato il post 6 [] []
[2024-03-13T21:35:59.680228+00:00] CommentPage.INFO: Utente admin si trova nella pagina del post 6 [] []
[2024-03-13T21:36:02.109009+00:00] CommentPage.INFO: Utente admin si trova nella pagina del post 6 [] []
[2024-03-13T21:36:02.809991+00:00] My post.INFO: Utente admin si trova nella sezione MyPost [] []
[2024-03-13T21:36:06.566610+00:00] CommentPage.INFO: Utente admin si trova nella pagina del post 6 [] []
[2024-03-13T21:37:53.528932+00:00] CommentPage.INFO: Utente admin si trova nella pagina del post 6 [] []
[2024-03-13T21:38:27.476755+00:00] CommentPage.INFO: Utente admin si trova nella pagina del post 6 [] []
[2024-03-13T21:38:44.017633+00:00] Dashboard.INFO: Utente admin si trova nella dashboard [] []
[2024-03-13T21:38:45.913469+00:00] My post.INFO: Utente admin si trova nella sezione MyPost [] []
[2024-03-13T21:39:40.292429+00:00] My post.INFO: Utente admin si trova nella sezione MyPost [] []
[2024-03-13T21:39:40.304474+00:00] My post.INFO: Utente admin ha commentato il post 5 [] []
[2024-03-13T21:39:43.129839+00:00] CommentPage.INFO: Utente admin si trova nella pagina del post 5 [] []
[2024-03-13T21:39:46.344351+00:00] Dashboard.INFO: Utente admin si trova nella dashboard [] []
[2024-03-13T21:39:48.173210+00:00] My post.INFO: Utente admin si trova nella sezione MyPost [] []
[2024-03-13T22:06:58.861080+00:00] CommentPage.INFO: Utente admin si trova nella pagina del post 6 [] []
[2024-03-13T22:07:03.047591+00:00] Dashboard.INFO: Utente admin si trova nella dashboard [] []
[2024-03-13T22:07:04.282217+00:00] My post.INFO: Utente admin si trova nella sezione MyPost [] []
[2024-03-13T22:10:17.880313+00:00] My post.INFO: Utente admin si trova nella sezione MyPost [] []
[2024-03-13T22:10:19.490671+00:00] My post.INFO: Utente admin si trova nella sezione MyPost [] []
[2024-03-13T22:18:07.589502+00:00] My post.INFO: Utente admin si trova nella sezione MyPost [] []
[2024-03-13T22:18:09.459273+00:00] My post.INFO: Utente admin si trova nella sezione MyPost [] []
[2024-03-13T22:18:09.464132+00:00] My post.INFO: Utente admin ha aggiornato il post 6 [] []
[2024-03-13T22:18:46.551640+00:00] My post.INFO: Utente admin si trova nella sezione MyPost [] []
[2024-03-13T22:18:46.560709+00:00] My post.INFO: Utente admin ha aggiornato il post 6 [] []
[2024-03-13T22:18:47.416399+00:00] My post.INFO: Utente admin si trova nella sezione MyPost [] []
[2024-03-13T22:18:47.421088+00:00] My post.INFO: Utente admin ha aggiornato il post 6 [] []
[2024-03-13T22:18:48.283863+00:00] My post.INFO: Utente admin si trova nella sezione MyPost [] []
[2024-03-13T22:18:48.288348+00:00] My post.INFO: Utente admin ha aggiornato il post 6 [] []
[2024-03-13T22:18:48.863674+00:00] My post.INFO: Utente admin si trova nella sezione MyPost [] []
[2024-03-13T22:18:48.868621+00:00] My post.INFO: Utente admin ha aggiornato il post 6 [] []
[2024-03-13T22:18:49.458177+00:00] My post.INFO: Utente admin si trova nella sezione MyPost [] []
[2024-03-13T22:18:49.466772+00:00] My post.INFO: Utente admin ha aggiornato il post 6 [] []
[2024-03-13T22:19:33.464495+00:00] My post.INFO: Utente admin si trova nella sezione MyPost [] []
[2024-03-13T22:20:01.578207+00:00] My post.INFO: Utente admin si trova nella sezione MyPost [] []
[2024-03-13T22:21:19.247169+00:00] My post.INFO: Utente admin si trova nella sezione MyPost [] []
[2024-03-13T22:21:51.910625+00:00] My post.INFO: Utente admin si trova nella sezione MyPost [] []
[2024-03-13T22:22:58.200573+00:00] My post.INFO: Utente admin si trova nella sezione MyPost [] []
[2024-03-13T22:23:16.568366+00:00] My post.INFO: Utente admin si trova nella sezione MyPost [] []
[2024-03-13T22:23:31.187140+00:00] My post.INFO: Utente admin si trova nella sezione MyPost [] []
[2024-03-13T22:23:37.777952+00:00] My post.INFO: Utente admin si trova nella sezione MyPost [] []
[2024-03-13T22:24:32.410362+00:00] My post.INFO: Utente admin si trova nella sezione MyPost [] []
[2024-03-13T22:24:56.429573+00:00] My post.INFO: Utente admin si trova nella sezione MyPost [] []
[2024-03-13T22:25:06.791395+00:00] My post.INFO: Utente admin si trova nella sezione MyPost [] []
[2024-03-13T22:25:08.785851+00:00] My post.INFO: Utente admin si trova nella sezione MyPost [] []
[2024-03-13T22:25:08.790835+00:00] My post.INFO: Utente admin ha aggiornato il post 6 [] []
[2024-03-13T22:25:09.526826+00:00] My post.INFO: Utente admin si trova nella sezione MyPost [] []
[2024-03-13T22:25:09.535269+00:00] My post.INFO: Utente admin ha aggiornato il post 6 [] []
[2024-03-13T22:25:09.740968+00:00] My post.INFO: Utente admin si trova nella sezione MyPost [] []
[2024-03-13T22:25:09.746001+00:00] My post.INFO: Utente admin ha aggiornato il post 6 [] []
[2024-03-13T22:25:09.927902+00:00] My post.INFO: Utente admin si trova nella sezione MyPost [] []
[2024-03-13T22:25:09.932876+00:00] My post.INFO: Utente admin ha aggiornato il post 6 [] []
[2024-03-13T22:25:10.130933+00:00] My post.INFO: Utente admin si trova nella sezione MyPost [] []
[2024-03-13T22:25:10.136204+00:00] My post.INFO: Utente admin ha aggiornato il post 6 [] []
[2024-03-13T22:25:37.187055+00:00] My post.INFO: Utente admin si trova nella sezione MyPost [] []
[2024-03-13T22:25:38.433542+00:00] My post.INFO: Utente admin si trova nella sezione MyPost [] []
[2024-03-13T22:25:38.438547+00:00] My post.INFO: Utente admin ha aggiornato il post 6 [] []
[2024-03-13T22:25:39.040762+00:00] My post.INFO: Utente admin si trova nella sezione MyPost [] []
[2024-03-13T22:25:39.045479+00:00] My post.INFO: Utente admin ha aggiornato il post 6 [] []
[2024-03-13T22:25:39.223583+00:00] My post.INFO: Utente admin si trova nella sezione MyPost [] []
[2024-03-13T22:25:39.228066+00:00] My post.INFO: Utente admin ha aggiornato il post 6 [] []
[2024-03-13T22:28:03.556629+00:00] My post.INFO: Utente admin si trova nella sezione MyPost [] []
[2024-03-13T22:28:05.052264+00:00] My post.INFO: Utente admin si trova nella sezione MyPost [] []
[2024-03-13T22:28:05.057311+00:00] My post.INFO: Utente admin ha aggiornato il post 6 [] []
[2024-03-13T22:28:05.651489+00:00] My post.INFO: Utente admin si trova nella sezione MyPost [] []
[2024-03-13T22:28:05.656295+00:00] My post.INFO: Utente admin ha aggiornato il post 6 [] []
[2024-03-13T22:28:05.855798+00:00] My post.INFO: Utente admin si trova nella sezione MyPost [] []
[2024-03-13T22:28:05.860912+00:00] My post.INFO: Utente admin ha aggiornato il post 6 [] []
[2024-03-13T22:28:06.291426+00:00] My post.INFO: Utente admin si trova nella sezione MyPost [] []
[2024-03-13T22:28:06.299320+00:00] My post.INFO: Utente admin ha aggiornato il post 6 [] []
[2024-03-13T22:28:07.699068+00:00] My post.INFO: Utente admin si trova nella sezione MyPost [] []
[2024-03-13T22:28:07.703976+00:00] My post.INFO: Utente admin ha aggiornato il post 6 [] []
[2024-03-13T22:29:38.110889+00:00] My post.INFO: Utente admin si trova nella sezione MyPost [] []
[2024-03-13T22:29:39.548269+00:00] My post.INFO: Utente admin si trova nella sezione MyPost [] []
[2024-03-13T22:30:18.841074+00:00] My post.INFO: Utente admin si trova nella sezione MyPost [] []
[2024-03-13T22:30:54.690355+00:00] My post.INFO: Utente admin si trova nella sezione MyPost [] []
[2024-03-13T22:34:18.442867+00:00] My post.INFO: Utente admin si trova nella sezione MyPost [] []
[2024-03-13T22:34:19.718387+00:00] My post.INFO: Utente admin si trova nella sezione MyPost [] []
[2024-03-13T22:34:19.723712+00:00] My post.INFO: Utente admin ha aggiornato il post 6 [] []
[2024-03-13T22:35:37.086799+00:00] My post.INFO: Utente admin si trova nella sezione MyPost [] []
[2024-03-13T22:35:39.032629+00:00] My post.INFO: Utente admin si trova nella sezione MyPost [] []
[2024-03-13T22:35:39.037604+00:00] My post.INFO: Utente admin ha aggiornato il post 6 [] []
[2024-03-13T22:37:03.557578+00:00] My post.INFO: Utente admin si trova nella sezione MyPost [] []
[2024-03-13T22:37:05.220056+00:00] My post.INFO: Utente admin si trova nella sezione MyPost [] []
[2024-03-13T22:38:08.287021+00:00] My post.INFO: Utente admin si trova nella sezione MyPost [] []
[2024-03-13T22:38:09.418510+00:00] My post.INFO: Utente admin si trova nella sezione MyPost [] []
[2024-03-13T22:38:51.979101+00:00] My post.INFO: Utente admin si trova nella sezione MyPost [] []
[2024-03-13T22:38:53.086079+00:00] My post.INFO: Utente admin si trova nella sezione MyPost [] []
[2024-03-13T22:38:53.092266+00:00] My post.INFO: Utente admin ha aggiornato il post 6 [] []
[2024-03-13T22:38:53.752080+00:00] My post.INFO: Utente admin si trova nella sezione MyPost [] []
[2024-03-13T22:38:53.758986+00:00] My post.INFO: Utente admin ha aggiornato il post 6 [] []
[2024-03-13T22:39:17.846768+00:00] My post.INFO: Utente admin si trova nella sezione MyPost [] []
[2024-03-13T22:39:17.863152+00:00] My post.INFO: Utente admin ha aggiornato il post 6 [] []
[2024-03-13T22:39:23.064130+00:00] My post.INFO: Utente admin si trova nella sezione MyPost [] []
[2024-03-13T22:39:23.075754+00:00] My post.INFO: Utente admin ha aggiornato il post 5 [] []
[2024-03-13T22:39:24.850682+00:00] My post.INFO: Utente admin si trova nella sezione MyPost [] []
[2024-03-13T22:39:24.857321+00:00] My post.INFO: Utente admin ha aggiornato il post 6 [] []
[2024-03-13T22:39:25.530452+00:00] My post.INFO: Utente admin si trova nella sezione MyPost [] []
[2024-03-13T22:39:25.536539+00:00] My post.INFO: Utente admin ha aggiornato il post 6 [] []
[2024-03-13T22:39:26.482002+00:00] My post.INFO: Utente admin si trova nella sezione MyPost [] []
[2024-03-13T22:39:26.492755+00:00] My post.INFO: Utente admin ha aggiornato il post 5 [] []
[2024-03-13T22:39:28.042605+00:00] My post.INFO: Utente admin si trova nella sezione MyPost [] []
[2024-03-13T22:39:28.050000+00:00] My post.INFO: Utente admin ha aggiornato il post 4 [] []
[2024-03-13T22:40:33.080568+00:00] My post.INFO: Utente admin si trova nella sezione MyPost [] []
[2024-03-13T22:40:34.281360+00:00] My post.INFO: Utente admin si trova nella sezione MyPost [] []
[2024-03-13T22:40:34.287825+00:00] My post.INFO: Utente admin ha aggiornato il post 6 [] []
[2024-03-13T22:40:48.221229+00:00] My post.INFO: Utente admin si trova nella sezione MyPost [] []
[2024-03-13T22:40:53.679323+00:00] My post.INFO: Utente admin si trova nella sezione MyPost [] []
[2024-03-13T22:40:53.689792+00:00] My post.INFO: Utente admin ha aggiornato il post 6 [] []
[2024-03-13T22:40:54.518063+00:00] My post.INFO: Utente admin si trova nella sezione MyPost [] []
[2024-03-13T22:40:54.523869+00:00] My post.INFO: Utente admin ha aggiornato il post 6 [] []
[2024-03-13T22:40:55.225303+00:00] My post.INFO: Utente admin si trova nella sezione MyPost [] []
[2024-03-13T22:40:55.231663+00:00] My post.INFO: Utente admin ha aggiornato il post 6 [] []
[2024-03-13T22:40:57.318048+00:00] My post.INFO: Utente admin si trova nella sezione MyPost [] []
[2024-03-13T22:40:57.329821+00:00] My post.INFO: Utente admin ha aggiornato il post 5 [] []
[2024-03-13T22:40:57.860438+00:00] My post.INFO: Utente admin si trova nella sezione MyPost [] []
[2024-03-13T22:40:57.866755+00:00] My post.INFO: Utente admin ha aggiornato il post 5 [] []
[2024-03-13T22:42:00.295623+00:00] My post.INFO: Utente admin si trova nella sezione MyPost [] []
[2024-03-13T22:42:01.684790+00:00] My post.INFO: Utente admin si trova nella sezione MyPost [] []
[2024-03-13T22:42:02.669937+00:00] My post.INFO: Utente admin si trova nella sezione MyPost [] []
[2024-03-13T22:42:19.096173+00:00] My post.INFO: Utente admin si trova nella sezione MyPost [] []
[2024-03-13T22:42:21.269314+00:00] My post.INFO: Utente admin si trova nella sezione MyPost [] []
[2024-03-13T22:42:23.006377+00:00] My post.INFO: Utente admin si trova nella sezione MyPost [] []
[2024-03-13T22:42:45.816551+00:00] My post.INFO: Utente admin si trova nella sezione MyPost [] []
[2024-03-13T22:42:47.023785+00:00] My post.INFO: Utente admin si trova nella sezione MyPost [] []
[2024-03-13T22:43:54.860390+00:00] My post.INFO: Utente admin si trova nella sezione MyPost [] []
[2024-03-13T22:43:57.654817+00:00] CommentPage.INFO: Utente admin si trova nella pagina del post 6 [] []
[2024-03-13T22:43:59.931965+00:00] Dashboard.INFO: Utente admin si trova nella dashboard [] []
[2024-03-13T22:44:02.034483+00:00] My post.INFO: Utente admin si trova nella sezione MyPost [] []
